0 info it worked if it ends with ok
1 verbose cli [ '/usr/bin/nodejs',
1 verbose cli   '/usr/bin/npm',
1 verbose cli   'install',
1 verbose cli   'angular-aria-label' ]
2 info using npm@4.1.2
3 info using node@v7.7.2
4 silly loadCurrentTree Starting
5 silly install loadCurrentTree
6 silly install readLocalPackageData
7 silly fetchPackageMetaData angular-aria-label
8 silly fetchNamedPackageData angular-aria-label
9 silly mapToRegistry name angular-aria-label
10 silly mapToRegistry using default registry
11 silly mapToRegistry registry https://registry.npmjs.org/
12 silly mapToRegistry data Result {
12 silly mapToRegistry   raw: 'angular-aria-label',
12 silly mapToRegistry   scope: null,
12 silly mapToRegistry   escapedName: 'angular-aria-label',
12 silly mapToRegistry   name: 'angular-aria-label',
12 silly mapToRegistry   rawSpec: '',
12 silly mapToRegistry   spec: 'latest',
12 silly mapToRegistry   type: 'tag' }
13 silly mapToRegistry uri https://registry.npmjs.org/angular-aria-label
14 verbose request uri https://registry.npmjs.org/angular-aria-label
15 verbose request no auth needed
16 info attempt registry request try #1 at 10:04:20 PM
17 verbose request id 973923f4884453b6
18 http request GET https://registry.npmjs.org/angular-aria-label
19 http 404 https://registry.npmjs.org/angular-aria-label
20 verbose headers { 'content-type': 'application/json',
20 verbose headers   'cache-control': 'max-age=0',
20 verbose headers   'content-length': '2',
20 verbose headers   'accept-ranges': 'bytes',
20 verbose headers   date: 'Tue, 14 Mar 2017 01:04:21 GMT',
20 verbose headers   via: '1.1 varnish',
20 verbose headers   age: '0',
20 verbose headers   connection: 'keep-alive',
20 verbose headers   'x-served-by': 'cache-gru7126-GRU',
20 verbose headers   'x-cache': 'MISS',
20 verbose headers   'x-cache-hits': '0',
20 verbose headers   'x-timer': 'S1489453460.337774,VS0,VE748',
20 verbose headers   vary: 'Accept-Encoding' }
21 silly get cb [ 404,
21 silly get   { 'content-type': 'application/json',
21 silly get     'cache-control': 'max-age=0',
21 silly get     'content-length': '2',
21 silly get     'accept-ranges': 'bytes',
21 silly get     date: 'Tue, 14 Mar 2017 01:04:21 GMT',
21 silly get     via: '1.1 varnish',
21 silly get     age: '0',
21 silly get     connection: 'keep-alive',
21 silly get     'x-served-by': 'cache-gru7126-GRU',
21 silly get     'x-cache': 'MISS',
21 silly get     'x-cache-hits': '0',
21 silly get     'x-timer': 'S1489453460.337774,VS0,VE748',
21 silly get     vary: 'Accept-Encoding' } ]
22 silly fetchPackageMetaData Error: Registry returned 404 for GET on https://registry.npmjs.org/angular-aria-label
22 silly fetchPackageMetaData     at makeError (/usr/lib/node_modules/npm/node_modules/npm-registry-client/lib/request.js:304:12)
22 silly fetchPackageMetaData     at CachingRegistryClient.<anonymous> (/usr/lib/node_modules/npm/node_modules/npm-registry-client/lib/request.js:282:14)
22 silly fetchPackageMetaData     at Request._callback (/usr/lib/node_modules/npm/node_modules/npm-registry-client/lib/request.js:212:14)
22 silly fetchPackageMetaData     at Request.self.callback (/usr/lib/node_modules/npm/node_modules/request/request.js:186:22)
22 silly fetchPackageMetaData     at emitTwo (events.js:106:13)
22 silly fetchPackageMetaData     at Request.emit (events.js:194:7)
22 silly fetchPackageMetaData     at Request.<anonymous> (/usr/lib/node_modules/npm/node_modules/request/request.js:1081:10)
22 silly fetchPackageMetaData     at emitOne (events.js:96:13)
22 silly fetchPackageMetaData     at Request.emit (events.js:191:7)
22 silly fetchPackageMetaData     at IncomingMessage.<anonymous> (/usr/lib/node_modules/npm/node_modules/request/request.js:1001:12)
22 silly fetchPackageMetaData  error for angular-aria-label { Error: Registry returned 404 for GET on https://registry.npmjs.org/angular-aria-label
22 silly fetchPackageMetaData     at makeError (/usr/lib/node_modules/npm/node_modules/npm-registry-client/lib/request.js:304:12)
22 silly fetchPackageMetaData     at CachingRegistryClient.<anonymous> (/usr/lib/node_modules/npm/node_modules/npm-registry-client/lib/request.js:282:14)
22 silly fetchPackageMetaData     at Request._callback (/usr/lib/node_modules/npm/node_modules/npm-registry-client/lib/request.js:212:14)
22 silly fetchPackageMetaData     at Request.self.callback (/usr/lib/node_modules/npm/node_modules/request/request.js:186:22)
22 silly fetchPackageMetaData     at emitTwo (events.js:106:13)
22 silly fetchPackageMetaData     at Request.emit (events.js:194:7)
22 silly fetchPackageMetaData     at Request.<anonymous> (/usr/lib/node_modules/npm/node_modules/request/request.js:1081:10)
22 silly fetchPackageMetaData     at emitOne (events.js:96:13)
22 silly fetchPackageMetaData     at Request.emit (events.js:191:7)
22 silly fetchPackageMetaData     at IncomingMessage.<anonymous> (/usr/lib/node_modules/npm/node_modules/request/request.js:1001:12) pkgid: 'angular-aria-label', statusCode: 404, code: 'E404' }
23 silly rollbackFailedOptional Starting
24 silly rollbackFailedOptional Finishing
25 silly runTopLevelLifecycles Finishing
26 silly install printInstalled
27 verbose stack Error: Registry returned 404 for GET on https://registry.npmjs.org/angular-aria-label
27 verbose stack     at makeError (/usr/lib/node_modules/npm/node_modules/npm-registry-client/lib/request.js:304:12)
27 verbose stack     at CachingRegistryClient.<anonymous> (/usr/lib/node_modules/npm/node_modules/npm-registry-client/lib/request.js:282:14)
27 verbose stack     at Request._callback (/usr/lib/node_modules/npm/node_modules/npm-registry-client/lib/request.js:212:14)
27 verbose stack     at Request.self.callback (/usr/lib/node_modules/npm/node_modules/request/request.js:186:22)
27 verbose stack     at emitTwo (events.js:106:13)
27 verbose stack     at Request.emit (events.js:194:7)
27 verbose stack     at Request.<anonymous> (/usr/lib/node_modules/npm/node_modules/request/request.js:1081:10)
27 verbose stack     at emitOne (events.js:96:13)
27 verbose stack     at Request.emit (events.js:191:7)
27 verbose stack     at IncomingMessage.<anonymous> (/usr/lib/node_modules/npm/node_modules/request/request.js:1001:12)
28 verbose statusCode 404
29 verbose pkgid angular-aria-label
30 verbose cwd /media/thiagolucio/DADOS/TRABALHOS/PROJETOS/AngularMaterial1
31 error Linux 4.10.2-041002-generic
32 error argv "/usr/bin/nodejs" "/usr/bin/npm" "install" "angular-aria-label"
33 error node v7.7.2
34 error npm  v4.1.2
35 error code E404
36 error 404 Registry returned 404 for GET on https://registry.npmjs.org/angular-aria-label
37 error 404
38 error 404 'angular-aria-label' is not in the npm registry.
39 error 404 You should bug the author to publish it (or use the name yourself!)
40 error 404 Note that you can also install from a
41 error 404 tarball, folder, http url, or git url.
42 verbose exit [ 1, true ]
